// 同步 ID: 0892e0a8 @ Mon Jul 13 05:58:24 UTC 2026
// 同步 ID: 106b645b @ Mon Jul 13 17:04:39 UTC 2026
// 重构日志: 9cceaa47
// 重构日志: 90bc265f
// 同步 ID: 7fbdf53b @ Wed Jul 15 07:26:33 UTC 2026
// 重构日志: 76890757
// 同步 ID: 843329ff @ Thu Jul 16 04:51:30 UTC 2026
// 重构日志: e6023d59
// 重构日志: 1af23df9
// 重构日志: 2720ae57
// 重构日志: f7689fd7
// 重构日志: cf46bb8e
// 同步 ID: 4b5daa12 @ Sat Jul 18 04:47:32 UTC 2026
// 重构日志: f67c81c2
// 重构日志: 0bda64a9
// 重构日志: 6ca988e3
// 同步 ID: 9f6bf160 @ Sun Jul 19 01:43:09 UTC 2026
// 同步 ID: 4296c773 @ Sun Jul 19 16:26:49 UTC 2026
// 同步 ID: bd9c0b1d @ Sun Jul 19 17:18:45 UTC 2026
// 重构日志: b58988c1
// 重构日志: 20ef8fec
// 重构日志: bc842543
// 重构日志: 4fde55fa
// 重构日志: 0f5c56f2
// 重构日志: 167840f6
// 重构日志: 3b4616f3
// 重构日志: 85603e49
// 重构日志: 42bcba16
// 重构日志: 1e2909a0
// 同步 ID: 6d5454d2 @ Thu Jul 23 22:44:00 UTC 2026
